Error: EMFILE: too many open files, open 'c:\source\Onbill App\onbill\dtpl.error.log'
    at Object.writeFileSync (node:fs:2439:20)
    at Object.createFileSync (c:\Users\UltraBook 3.1\.vscode\extensions\qiu8310.dot-template-vscode-0.4.0\node_modules\fs-extra\lib\ensure\file.js:43:6)
    at VscodeEditor.error (c:\Users\UltraBook 3.1\.vscode\extensions\qiu8310.dot-template-vscode-0.4.0\out\adapter\VscodeEditor.js:216:16)
    at Application.error (c:\Users\UltraBook 3.1\.vscode\extensions\qiu8310.dot-template-vscode-0.4.0\node_modules\dot-template-core\out\core\Application.js:231:21)
    at Commander.<anonymous> (c:\Users\UltraBook 3.1\.vscode\extensions\qiu8310.dot-template-vscode-0.4.0\node_modules\dot-template-core\out\core\Commander.js:133:34)
    at step (c:\Users\UltraBook 3.1\.vscode\extensions\qiu8310.dot-template-vscode-0.4.0\node_modules\dot-template-core\node_modules\tslib\tslib.js:133:27)
    at Object.next (c:\Users\UltraBook 3.1\.vscode\extensions\qiu8310.dot-template-vscode-0.4.0\node_modules\dot-template-core\node_modules\tslib\tslib.js:114:57)
    at c:\Users\UltraBook 3.1\.vscode\extensions\qiu8310.dot-template-vscode-0.4.0\node_modules\dot-template-core\node_modules\tslib\tslib.js:107:75
    at new Promise (<anonymous>)
    at Object.__awaiter (c:\Users\UltraBook 3.1\.vscode\extensions\qiu8310.dot-template-vscode-0.4.0\node_modules\dot-template-core\node_modules\tslib\tslib.js:103:16)
    at Commander.wrap (c:\Users\UltraBook 3.1\.vscode\extensions\qiu8310.dot-template-vscode-0.4.0\node_modules\dot-template-core\out\core\Commander.js:123:24)
    at Commander.<anonymous> (c:\Users\UltraBook 3.1\.vscode\extensions\qiu8310.dot-template-vscode-0.4.0\node_modules\dot-template-core\out\core\Commander.js:160:44)
    at step (c:\Users\UltraBook 3.1\.vscode\extensions\qiu8310.dot-template-vscode-0.4.0\node_modules\dot-template-core\node_modules\tslib\tslib.js:133:27)
    at Object.next (c:\Users\UltraBook 3.1\.vscode\extensions\qiu8310.dot-template-vscode-0.4.0\node_modules\dot-template-core\node_modules\tslib\tslib.js:114:57)
    at c:\Users\UltraBook 3.1\.vscode\extensions\qiu8310.dot-template-vscode-0.4.0\node_modules\dot-template-core\node_modules\tslib\tslib.js:107:75
    at new Promise (<anonymous>)
    at Object.__awaiter (c:\Users\UltraBook 3.1\.vscode\extensions\qiu8310.dot-template-vscode-0.4.0\node_modules\dot-template-core\node_modules\tslib\tslib.js:103:16)
    at Commander.addCreateTemplateFilesCommand (c:\Users\UltraBook 3.1\.vscode\extensions\qiu8310.dot-template-vscode-0.4.0\node_modules\dot-template-core\out\core\Commander.js:157:24)
    at Application.<anonymous> (c:\Users\UltraBook 3.1\.vscode\extensions\qiu8310.dot-template-vscode-0.4.0\node_modules\dot-template-core\out\core\Application.js:49:61)
    at step (c:\Users\UltraBook 3.1\.vscode\extensions\qiu8310.dot-template-vscode-0.4.0\node_modules\dot-template-core\node_modules\tslib\tslib.js:133:27)
    at Object.next (c:\Users\UltraBook 3.1\.vscode\extensions\qiu8310.dot-template-vscode-0.4.0\node_modules\dot-template-core\node_modules\tslib\tslib.js:114:57)
    at c:\Users\UltraBook 3.1\.vscode\extensions\qiu8310.dot-template-vscode-0.4.0\node_modules\dot-template-core\node_modules\tslib\tslib.js:107:75
    at new Promise (<anonymous>)
    at Object.__awaiter (c:\Users\UltraBook 3.1\.vscode\extensions\qiu8310.dot-template-vscode-0.4.0\node_modules\dot-template-core\node_modules\tslib\tslib.js:103:16)
    at Application.createTemplateFiles (c:\Users\UltraBook 3.1\.vscode\extensions\qiu8310.dot-template-vscode-0.4.0\node_modules\dot-template-core\out\core\Application.js:47:28)
    at Application.<anonymous> (c:\Users\UltraBook 3.1\.vscode\extensions\qiu8310.dot-template-vscode-0.4.0\node_modules\dot-template-core\out\core\Application.js:109:51)
    at step (c:\Users\UltraBook 3.1\.vscode\extensions\qiu8310.dot-template-vscode-0.4.0\node_modules\dot-template-core\node_modules\tslib\tslib.js:133:27)
    at Object.next (c:\Users\UltraBook 3.1\.vscode\extensions\qiu8310.dot-template-vscode-0.4.0\node_modules\dot-template-core\node_modules\tslib\tslib.js:114:57)
    at c:\Users\UltraBook 3.1\.vscode\extensions\qiu8310.dot-template-vscode-0.4.0\node_modules\dot-template-core\node_modules\tslib\tslib.js:107:75
    at new Promise (<anonymous>)
    at Object.__awaiter (c:\Users\UltraBook 3.1\.vscode\extensions\qiu8310.dot-template-vscode-0.4.0\node_modules\dot-template-core\node_modules\tslib\tslib.js:103:16)
    at run (c:\Users\UltraBook 3.1\.vscode\extensions\qiu8310.dot-template-vscode-0.4.0\node_modules\dot-template-core\out\core\Application.js:84:48)
    at Application.<anonymous> (c:\Users\UltraBook 3.1\.vscode\extensions\qiu8310.dot-template-vscode-0.4.0\node_modules\dot-template-core\out\core\Application.js:153:50)
    at step (c:\Users\UltraBook 3.1\.vscode\extensions\qiu8310.dot-template-vscode-0.4.0\node_modules\dot-template-core\node_modules\tslib\tslib.js:133:27)
    at Object.next (c:\Users\UltraBook 3.1\.vscode\extensions\qiu8310.dot-template-vscode-0.4.0\node_modules\dot-template-core\node_modules\tslib\tslib.js:114:57)
    at c:\Users\UltraBook 3.1\.vscode\extensions\qiu8310.dot-template-vscode-0.4.0\node_modules\dot-template-core\node_modules\tslib\tslib.js:107:75
    at new Promise (<anonymous>)
    at Object.__awaiter (c:\Users\UltraBook 3.1\.vscode\extensions\qiu8310.dot-template-vscode-0.4.0\node_modules\dot-template-core\node_modules\tslib\tslib.js:103:16)
    at Timeout._onTimeout (c:\Users\UltraBook 3.1\.vscode\extensions\qiu8310.dot-template-vscode-0.4.0\node_modules\dot-template-core\out\core\Application.js:144:59)
    at listOnTimeout (node:internal/timers:588:17)
    at processTimers (node:internal/timers:523:7)